Max Capacity of jugs:[ 5, 3 ]
Initial water in jugs: [ 0, 1 ]
Required volume of water: 5
fill 1  [ 5, 1 ]
empty 2 , fill 1  [ 5, 0 ]
empty 2 , fill 1  [ 5, 0 ]
fill 1 , empty 2  [ 5, 0 ]
fill 1 , empty 2  [ 5, 0 ]
fill 1 , fill 1  [ 5, 1 ]
Required volume of water: 4
empty 1 , pour 2 to 1 , fill 2  [ 1, 3 ]
empty 1 , pour 1 to 2 , pour 2 to 1 , fill 2  [ 1, 3 ]
empty 1 , pour 2 to 1 , fill 2 , fill 2  [ 1, 3 ]
empty 1 , pour 2 to 1 , fill 2 , pour 1 to 2  [ 1, 3 ]
empty 1 , pour 2 to 1 , fill 2 , pour 2 to 1  [ 4, 0 ]
empty 1 , pour 2 to 1 , fill 2 , pour 2 to 1  [ 4, 0 ]
Required volume of water: 3
fill 2  [ 4, 3 ]
pour 1 to 2  [ 1, 3 ]
empty 1 , fill 2  [ 0, 3 ]
empty 1 , fill 2  [ 0, 3 ]
fill 1 , fill 2  [ 5, 3 ]
fill 1 , pour 1 to 2  [ 2, 3 ]
Required volume of water: 2
empty 2  [ 2, 0 ]
empty 2  [ 2, 0 ]
fill 2  [ 2, 3 ]
pour 1 to 2  [ 2, 3 ]
empty 2 , fill 2  [ 2, 3 ]
empty 2 , pour 1 to 2  [ 0, 2 ]
Required volume of water: 1
fill 1 , pour 1 to 2 , empty 2 , pour 1 to 2  [ 1, 3 ]
fill 2 , pour 2 to 1 , fill 2 , pour 2 to 1  [ 5, 1 ]
empty 2 , fill 2 , pour 2 to 1 , fill 2 , pour 2 to 1  [ 5, 1 ]
fill 1 , fill 1 , pour 1 to 2 , empty 2 , pour 1 to 2  [ 1, 3 ]
fill 1 , pour 1 to 2 , empty 2 , pour 1 to 2 , empty 2  [ 1, 0 ]
fill 1 , pour 1 to 2 , empty 2 , pour 1 to 2 , empty 2  [ 1, 0 ]
Max Capacity of jugs:[ 5, 3 ]
Initial water in jugs: [ 0, 0 ]
Required volume of water: 4
fill 1 , pour 1 to 2 , empty 2 , pour 1 to 2 , fill 1 , pour 1 to 2  [ 4, 3 ]
fill 1 , fill 1 , pour 1 to 2 , empty 2 , pour 1 to 2 , fill 1 , pour 1 to 2  [ 4, 3 ]
fill 1 , pour 1 to 2 , empty 2 , pour 1 to 2 , fill 1 , fill 1 , pour 1 to 2  [ 4, 3 ]
fill 1 , pour 1 to 2 , empty 2 , pour 1 to 2 , fill 1 , pour 1 to 2 , empty 2  [ 4, 0 ]
fill 1 , pour 1 to 2 , empty 2 , pour 1 to 2 , fill 1 , pour 1 to 2 , empty 2  [ 4, 0 ]
fill 1 , pour 1 to 2 , empty 2 , pour 1 to 2 , fill 1 , pour 1 to 2 , fill 2  [ 4, 3 ]
