\BOOKMARK [1][-]{section.1}{Project Summary}{}% 1
\BOOKMARK [2][-]{subsection.1.1}{Background}{section.1}% 2
\BOOKMARK [2][-]{subsection.1.2}{Problem Statement}{section.1}% 3
\BOOKMARK [2][-]{subsection.1.3}{Objectives}{section.1}% 4
\BOOKMARK [1][-]{section.2}{Parallel Concepts}{}% 5
\BOOKMARK [2][-]{subsection.2.1}{Parallel Bingo}{section.2}% 6
\BOOKMARK [2][-]{subsection.2.2}{Speedup Introduction}{section.2}% 7
\BOOKMARK [3][-]{subsubsection.2.2.1}{Maximizing P}{subsection.2.2}% 8
\BOOKMARK [2][-]{subsection.2.3}{Speedup Summary}{section.2}% 9
\BOOKMARK [1][-]{section.3}{Parallel Programming}{}% 10
\BOOKMARK [2][-]{subsection.3.1}{Data parallelism}{section.3}% 11
\BOOKMARK [2][-]{subsection.3.2}{Task parallelism}{section.3}% 12
\BOOKMARK [3][-]{subsubsection.3.2.1}{Process Granularity \(P\)}{subsection.3.2}% 13
\BOOKMARK [3][-]{subsubsection.3.2.2}{Process profiling}{subsection.3.2}% 14
\BOOKMARK [2][-]{subsection.3.3}{Pipeline Parallelism}{section.3}% 15
\BOOKMARK [1][-]{section.4}{Algorithms}{}% 16
\BOOKMARK [2][-]{subsection.4.1}{Brownian Bridge}{section.4}% 17
\BOOKMARK [2][-]{subsection.4.2}{Synoptic Model}{section.4}% 18
\BOOKMARK [1][-]{section.5}{Software Lifecycles}{}% 19
\BOOKMARK [1][-]{section.6}{Conclusion}{}% 20
\BOOKMARK [1][-]{section.7}{Bibliography}{}% 21
